app/build/outputs/logs/manifest-merger-debug-report.txt
-- Merging decision tree log ---
manifest
ADDED from src/main/AndroidManifest.xml:2:1-147:12
INJECTED from src/main/AndroidManifest.xml:2:1-147:12
INJECTED from src/main/AndroidManifest.xml:2:1-147:12
INJECTED from src/main/AndroidManifest.xml:2:1-147:12
MERGED from [com.android.support:design:26.1.0] AndroidManifest.xml:17:1-31:12
MERGED from [com.android.support:appcompat-v7:26.1.0] AndroidManifest.xml:17:1-31:12
MERGED from [com.android.support.constraint:constraint-layout:1.0.2] AndroidManifest.xml:2:1-11:12
MERGED from [com.android.support:animated-vector-drawable:26.1.0] AndroidManifest.xml:17:1-28:12
MERGED from [com.android.support:support-vector-drawable:26.1.0] AndroidManifest.xml:17:1-28:12
MERGED from [com.android.support:transition:26.1.0] AndroidManifest.xml:17:1-28:12
MERGED from [com.android.support:support-v4:26.1.0] AndroidManifest.xml:17:1-31:12
MERGED from [com.android.support:recyclerview-v7:26.1.0] AndroidManifest.xml:17:1-28:12
MERGED from [com.android.support:support-media-compat:26.1.0] AndroidManifest.xml:17:1-31:12
MERGED from [com.android.support:support-fragment:26.1.0] AndroidManifest.xml:17:1-31:12
MERGED from [com.android.support:support-core-utils:26.1.0] AndroidManifest.xml:17:1-31:12
MERGED from [com.android.support:support-core-ui:26.1.0] AndroidManifest.xml:17:1-31:12
MERGED from [com.android.support:support-compat:26.1.0] AndroidManifest.xml:17:1-31:12
MERGED from [android.arch.lifecycle:runtime:1.0.0] AndroidManifest.xml:17:1-30:12
INJECTED from src/main/AndroidManifest.xml:2:1-147:12
INJECTED from src/main/AndroidManifest.xml:2:1-147:12
INJECTED from src/main/AndroidManifest.xml:2:1-147:12
	package
		ADDED from src/main/AndroidManifest.xml:3:5-54
		INJECTED from src/main/AndroidManifest.xml
		INJECTED from src/main/AndroidManifest.xml
	android:versionName
		INJECTED from src/main/AndroidManifest.xml
		ADDED from src/main/AndroidManifest.xml:2:1-147:12
		INJECTED from src/main/AndroidManifest.xml
	android:versionCode
		INJECTED from src/main/AndroidManifest.xml
		ADDED from src/main/AndroidManifest.xml:2:1-147:12
		INJECTED from src/main/AndroidManifest.xml
	xmlns:android
		ADDED from src/main/AndroidManifest.xml:2:11-69
uses-permission#android.permission.INTERNET
ADDED from src/main/AndroidManifest.xml:5:5-7:23
	android:name
		ADDED from src/main/AndroidManifest.xml:5:22-64
application
ADDED from src/main/AndroidManifest.xml:8:5-145:19
MERGED from [com.android.support:design:26.1.0] AndroidManifest.xml:25:5-29:19
MERGED from [com.android.support:design:26.1.0] AndroidManifest.xml:25:5-29:19
MERGED from [com.android.support:appcompat-v7:26.1.0] AndroidManifest.xml:25:5-29:19
MERGED from [com.android.support:appcompat-v7:26.1.0] AndroidManifest.xml:25:5-29:19
MERGED from [com.android.support.constraint:constraint-layout:1.0.2] AndroidManifest.xml:9:5-20
MERGED from [com.android.support.constraint:constraint-layout:1.0.2] AndroidManifest.xml:9:5-20
MERGED from [com.android.support:animated-vector-drawable:26.1.0] AndroidManifest.xml:22:5-26:19
MERGED from [com.android.support:animated-vector-drawable:26.1.0] AndroidManifest.xml:22:5-26:19
MERGED from [com.android.support:support-vector-drawable:26.1.0] AndroidManifest.xml:22:5-26:19
MERGED from [com.android.support:support-vector-drawable:26.1.0] AndroidManifest.xml:22:5-26:19
MERGED from [com.android.support:transition:26.1.0] AndroidManifest.xml:22:5-26:19
MERGED from [com.android.support:transition:26.1.0] AndroidManifest.xml:22:5-26:19
MERGED from [com.android.support:support-v4:26.1.0] AndroidManifest.xml:25:5-29:19
MERGED from [com.android.support:support-v4:26.1.0] AndroidManifest.xml:25:5-29:19
MERGED from [com.android.support:recyclerview-v7:26.1.0] AndroidManifest.xml:22:5-26:19
MERGED from [com.android.support:recyclerview-v7:26.1.0] AndroidManifest.xml:22:5-26:19
MERGED from [com.android.support:support-media-compat:26.1.0] AndroidManifest.xml:25:5-29:19
MERGED from [com.android.support:support-media-compat:26.1.0] AndroidManifest.xml:25:5-29:19
MERGED from [com.android.support:support-fragment:26.1.0] AndroidManifest.xml:25:5-29:19
MERGED from [com.android.support:support-fragment:26.1.0] AndroidManifest.xml:25:5-29:19
MERGED from [com.android.support:support-core-utils:26.1.0] AndroidManifest.xml:25:5-29:19
MERGED from [com.android.support:support-core-utils:26.1.0] AndroidManifest.xml:25:5-29:19
MERGED from [com.android.support:support-core-ui:26.1.0] AndroidManifest.xml:25:5-29:19
MERGED from [com.android.support:support-core-ui:26.1.0] AndroidManifest.xml:25:5-29:19
MERGED from [com.android.support:support-compat:26.1.0] AndroidManifest.xml:25:5-29:19
MERGED from [com.android.support:support-compat:26.1.0] AndroidManifest.xml:25:5-29:19
MERGED from [android.arch.lifecycle:runtime:1.0.0] AndroidManifest.xml:24:5-28:19
MERGED from [android.arch.lifecycle:runtime:1.0.0] AndroidManifest.xml:24:5-28:19
	android:supportsRtl
		ADDED from src/main/AndroidManifest.xml:13:9-35
	android:label
		ADDED from src/main/AndroidManifest.xml:11:9-38
	android:roundIcon
		ADDED from src/main/AndroidManifest.xml:12:9-54
	android:icon
		ADDED from src/main/AndroidManifest.xml:10:9-47
	android:allowBackup
		ADDED from src/main/AndroidManifest.xml:9:9-35
	android:theme
		ADDED from src/main/AndroidManifest.xml:14:9-40
activity#com.example.madhur.digitalticketchecker.REST
ADDED from src/main/AndroidManifest.xml:15:9-23:20
	android:label
		ADDED from src/main/AndroidManifest.xml:17:13-33
	android:name
		ADDED from src/main/AndroidManifest.xml:16:13-33
intent-filter#android.intent.action.REST+android.intent.category.DEFAULT
ADDED from src/main/AndroidManifest.xml:18:13-22:29
action#android.intent.action.REST
ADDED from src/main/AndroidManifest.xml:19:17-69
	android:name
		ADDED from src/main/AndroidManifest.xml:19:25-66
category#android.intent.category.DEFAULT
ADDED from src/main/AndroidManifest.xml:21:17-76
	android:name
		ADDED from src/main/AndroidManifest.xml:21:27-73
activity#com.example.madhur.digitalticketchecker.Base_activity
ADDED from src/main/AndroidManifest.xml:24:9-32:20
	android:label
		ADDED from src/main/AndroidManifest.xml:26:13-42
	android:name
		ADDED from src/main/AndroidManifest.xml:25:13-42
intent-filter#android.intent.action.BASEACTIVITY+android.intent.category.DEFAULT
ADDED from src/main/AndroidManifest.xml:27:13-31:29
action#android.intent.action.BASEACTIVITY
ADDED from src/main/AndroidManifest.xml:28:17-77
	android:name
		ADDED from src/main/AndroidManifest.xml:28:25-74
activity#com.example.madhur.digitalticketchecker.LoginPage
ADDED from src/main/AndroidManifest.xml:33:9-41:20
	android:label
		ADDED from src/main/AndroidManifest.xml:35:13-38
	android:name
		ADDED from src/main/AndroidManifest.xml:34:13-38
intent-filter#android.intent.action.LOGINPAGE+android.intent.category.DEFAULT
ADDED from src/main/AndroidManifest.xml:36:13-40:29
action#android.intent.action.LOGINPAGE
ADDED from src/main/AndroidManifest.xml:37:17-74
	android:name
		ADDED from src/main/AndroidManifest.xml:37:25-71
activity#com.example.madhur.digitalticketchecker.Boarding
ADDED from src/main/AndroidManifest.xml:42:9-50:20
	android:label
		ADDED from src/main/AndroidManifest.xml:44:13-37
	android:name
		ADDED from src/main/AndroidManifest.xml:43:13-37
intent-filter#android.intent.action.BOARDING+android.intent.category.DEFAULT
ADDED from src/main/AndroidManifest.xml:45:13-49:29
action#android.intent.action.BOARDING
ADDED from src/main/AndroidManifest.xml:46:17-73
	android:name
		ADDED from src/main/AndroidManifest.xml:46:25-70
activity#com.example.madhur.digitalticketchecker.QRCodeScanner
ADDED from src/main/AndroidManifest.xml:51:9-59:20
	android:label
		ADDED from src/main/AndroidManifest.xml:53:13-42
	android:name
		ADDED from src/main/AndroidManifest.xml:52:13-42
intent-filter#android.intent.action.QRCODESCANNER+android.intent.category.DEFAULT
ADDED from src/main/AndroidManifest.xml:54:13-58:29
action#android.intent.action.QRCODESCANNER
ADDED from src/main/AndroidManifest.xml:55:17-78
	android:name
		ADDED from src/main/AndroidManifest.xml:55:25-75
activity#com.example.madhur.digitalticketchecker.List_Seat_As_Vacant
ADDED from src/main/AndroidManifest.xml:61:9-69:20
	android:label
		ADDED from src/main/AndroidManifest.xml:63:13-48
	android:name
		ADDED from src/main/AndroidManifest.xml:62:13-48
intent-filter#android.intent.action.MAKESEATVACANT+android.intent.category.DEFAULT
ADDED from src/main/AndroidManifest.xml:64:13-68:29
action#android.intent.action.MAKESEATVACANT
ADDED from src/main/AndroidManifest.xml:65:17-79
	android:name
		ADDED from src/main/AndroidManifest.xml:65:25-76
activity#com.example.madhur.digitalticketchecker.List_Vacant_Seats
ADDED from src/main/AndroidManifest.xml:70:9-77:20
	android:label
		ADDED from src/main/AndroidManifest.xml:71:13-46
	android:name
		ADDED from src/main/AndroidManifest.xml:70:19-52
intent-filter#android.intent.action.LISTVACANTSEATS+android.intent.category.DEFAULT
ADDED from src/main/AndroidManifest.xml:72:13-76:29
action#android.intent.action.LISTVACANTSEATS
ADDED from src/main/AndroidManifest.xml:73:17-80
	android:name
		ADDED from src/main/AndroidManifest.xml:73:25-77
activity#com.example.madhur.digitalticketchecker.List_Unverified_Pnr
ADDED from src/main/AndroidManifest.xml:79:9-88:20
	android:label
		ADDED from src/main/AndroidManifest.xml:82:13-48
	android:windowSoftInputMode
		ADDED from src/main/AndroidManifest.xml:81:13-52
	android:name
		ADDED from src/main/AndroidManifest.xml:80:13-48
intent-filter#android.intent.action.UNVERIFIEDPNR+android.intent.category.DEFAULT
ADDED from src/main/AndroidManifest.xml:83:13-87:29
action#android.intent.action.UNVERIFIEDPNR
ADDED from src/main/AndroidManifest.xml:84:17-78
	android:name
		ADDED from src/main/AndroidManifest.xml:84:25-75
activity#com.example.madhur.digitalticketchecker.ChartRAC
ADDED from src/main/AndroidManifest.xml:89:9-97:20
	android:label
		ADDED from src/main/AndroidManifest.xml:91:13-37
	android:name
		ADDED from src/main/AndroidManifest.xml:90:13-37
intent-filter#android.intent.action.DISPLAYLISTV+android.intent.category.DEFAULT
ADDED from src/main/AndroidManifest.xml:92:13-96:29
action#android.intent.action.DISPLAYLISTV
ADDED from src/main/AndroidManifest.xml:93:17-77
	android:name
		ADDED from src/main/AndroidManifest.xml:93:25-74
activity#com.example.madhur.digitalticketchecker.Manually_enter_pnr
ADDED from src/main/AndroidManifest.xml:98:9-106:20
	android:label
		ADDED from src/main/AndroidManifest.xml:100:13-47
	android:name
		ADDED from src/main/AndroidManifest.xml:99:13-47
intent-filter#android.intent.action.MANUALYENTERPNR+android.intent.category.DEFAULT
ADDED from src/main/AndroidManifest.xml:101:13-105:29
action#android.intent.action.MANUALYENTERPNR
ADDED from src/main/AndroidManifest.xml:102:17-80
	android:name
		ADDED from src/main/AndroidManifest.xml:102:25-77
activity#com.example.madhur.digitalticketchecker.ChartsChecked
ADDED from src/main/AndroidManifest.xml:108:9-116:20
	android:label
		ADDED from src/main/AndroidManifest.xml:110:13-42
	android:name
		ADDED from src/main/AndroidManifest.xml:109:13-42
intent-filter#android.intent.action.CHARTSCHECKED+android.intent.category.DEFAULT
ADDED from src/main/AndroidManifest.xml:111:13-115:29
action#android.intent.action.CHARTSCHECKED
ADDED from src/main/AndroidManifest.xml:112:17-78
	android:name
		ADDED from src/main/AndroidManifest.xml:112:25-75
activity#com.example.madhur.digitalticketchecker.Introduction
ADDED from src/main/AndroidManifest.xml:119:9-129:20
	android:label
		ADDED from src/main/AndroidManifest.xml:121:13-41
	android:name
		ADDED from src/main/AndroidManifest.xml:120:13-41
intent-filter#android.intent.action.MAIN+android.intent.category.LAUNCHER
ADDED from src/main/AndroidManifest.xml:123:13-127:29
action#android.intent.action.MAIN
ADDED from src/main/AndroidManifest.xml:124:17-69
	android:name
		ADDED from src/main/AndroidManifest.xml:124:25-66
category#android.intent.category.LAUNCHER
ADDED from src/main/AndroidManifest.xml:126:17-77
	android:name
		ADDED from src/main/AndroidManifest.xml:126:27-74
activity#com.example.madhur.digitalticketchecker.WelcomeActivity
ADDED from src/main/AndroidManifest.xml:131:9-135:20
	android:theme
		ADDED from src/main/AndroidManifest.xml:132:13-55
	android:name
		ADDED from src/main/AndroidManifest.xml:131:19-50
activity#com.example.madhur.digitalticketchecker.Charts
ADDED from src/main/AndroidManifest.xml:137:9-43
	android:name
		ADDED from src/main/AndroidManifest.xml:137:19-41
meta-data#preloaded_fonts
ADDED from src/main/AndroidManifest.xml:139:9-141:57
	android:resource
		ADDED from src/main/AndroidManifest.xml:141:13-54
	android:name
		ADDED from src/main/AndroidManifest.xml:140:13-43
uses-sdk
INJECTED from src/main/AndroidManifest.xml reason: use-sdk injection requested
INJECTED from src/main/AndroidManifest.xml
INJECTED from src/main/AndroidManifest.xml
MERGED from [com.android.support:design:26.1.0] AndroidManifest.xml:21:5-23:62
MERGED from [com.android.support:design:26.1.0] AndroidManifest.xml:21:5-23:62
MERGED from [com.android.support:appcompat-v7:26.1.0] AndroidManifest.xml:21:5-23:78
MERGED from [com.android.support:appcompat-v7:26.1.0] AndroidManifest.xml:21:5-23:78
MERGED from [com.android.support.constraint:constraint-layout:1.0.2] AndroidManifest.xml:5:5-7:41
MERGED from [com.android.support.constraint:constraint-layout:1.0.2] AndroidManifest.xml:5:5-7:41
MERGED from [com.android.support:animated-vector-drawable:26.1.0] AndroidManifest.xml:20:5-44
MERGED from [com.android.support:animated-vector-drawable:26.1.0] AndroidManifest.xml:20:5-44
MERGED from [com.android.support:support-vector-drawable:26.1.0] AndroidManifest.xml:20:5-44
MERGED from [com.android.support:support-vector-drawable:26.1.0] AndroidManifest.xml:20:5-44
MERGED from [com.android.support:transition:26.1.0] AndroidManifest.xml:20:5-44
MERGED from [com.android.support:transition:26.1.0] AndroidManifest.xml:20:5-44
MERGED from [com.android.support:support-v4:26.1.0] AndroidManifest.xml:21:5-23:54
MERGED from [com.android.support:support-v4:26.1.0] AndroidManifest.xml:21:5-23:54
MERGED from [com.android.support:recyclerview-v7:26.1.0] AndroidManifest.xml:20:5-44
MERGED from [com.android.support:recyclerview-v7:26.1.0] AndroidManifest.xml:20:5-44
MERGED from [com.android.support:support-media-compat:26.1.0] AndroidManifest.xml:21:5-23:63
MERGED from [com.android.support:support-media-compat:26.1.0] AndroidManifest.xml:21:5-23:63
MERGED from [com.android.support:support-fragment:26.1.0] AndroidManifest.xml:21:5-23:60
MERGED from [com.android.support:support-fragment:26.1.0] AndroidManifest.xml:21:5-23:60
MERGED from [com.android.support:support-core-utils:26.1.0] AndroidManifest.xml:21:5-23:61
MERGED from [com.android.support:support-core-utils:26.1.0] AndroidManifest.xml:21:5-23:61
MERGED from [com.android.support:support-core-ui:26.1.0] AndroidManifest.xml:21:5-23:58
MERGED from [com.android.support:support-core-ui:26.1.0] AndroidManifest.xml:21:5-23:58
MERGED from [com.android.support:support-compat:26.1.0] AndroidManifest.xml:21:5-23:58
MERGED from [com.android.support:support-compat:26.1.0] AndroidManifest.xml:21:5-23:58
MERGED from [android.arch.lifecycle:runtime:1.0.0] AndroidManifest.xml:20:5-22:41
MERGED from [android.arch.lifecycle:runtime:1.0.0] AndroidManifest.xml:20:5-22:41
INJECTED from src/main/AndroidManifest.xml
INJECTED from src/main/AndroidManifest.xml
	tools:overrideLibrary
		ADDED from [com.android.support:design:26.1.0] AndroidManifest.xml:23:9-59
	android:targetSdkVersion
		INJECTED from src/main/AndroidManifest.xml
		ADDED from src/main/AndroidManifest.xml
		INJECTED from src/main/AndroidManifest.xml
	android:minSdkVersion
		INJECTED from src/main/AndroidManifest.xml
		ADDED from src/main/AndroidManifest.xml
		INJECTED from src/main/AndroidManifest.xml
meta-data#android.support.VERSION
ADDED from [com.android.support:design:26.1.0] AndroidManifest.xml:26:9-28:38
MERGED from [com.android.support:appcompat-v7:26.1.0] AndroidManifest.xml:26:9-28:38
MERGED from [com.android.support:appcompat-v7:26.1.0] AndroidManifest.xml:26:9-28:38
MERGED from [com.android.support:animated-vector-drawable:26.1.0] AndroidManifest.xml:23:9-25:38
MERGED from [com.android.support:animated-vector-drawable:26.1.0] AndroidManifest.xml:23:9-25:38
MERGED from [com.android.support:support-vector-drawable:26.1.0] AndroidManifest.xml:23:9-25:38
MERGED from [com.android.support:support-vector-drawable:26.1.0] AndroidManifest.xml:23:9-25:38
MERGED from [com.android.support:transition:26.1.0] AndroidManifest.xml:23:9-25:38
MERGED from [com.android.support:transition:26.1.0] AndroidManifest.xml:23:9-25:38
MERGED from [com.android.support:support-v4:26.1.0] AndroidManifest.xml:26:9-28:38
MERGED from [com.android.support:support-v4:26.1.0] AndroidManifest.xml:26:9-28:38
MERGED from [com.android.support:recyclerview-v7:26.1.0] AndroidManifest.xml:23:9-25:38
MERGED from [com.android.support:recyclerview-v7:26.1.0] AndroidManifest.xml:23:9-25:38
MERGED from [com.android.support:support-media-compat:26.1.0] AndroidManifest.xml:26:9-28:38
MERGED from [com.android.support:support-media-compat:26.1.0] AndroidManifest.xml:26:9-28:38
MERGED from [com.android.support:support-fragment:26.1.0] AndroidManifest.xml:26:9-28:38
MERGED from [com.android.support:support-fragment:26.1.0] AndroidManifest.xml:26:9-28:38
MERGED from [com.android.support:support-core-utils:26.1.0] AndroidManifest.xml:26:9-28:38
MERGED from [com.android.support:support-core-utils:26.1.0] AndroidManifest.xml:26:9-28:38
MERGED from [com.android.support:support-core-ui:26.1.0] AndroidManifest.xml:26:9-28:38
MERGED from [com.android.support:support-core-ui:26.1.0] AndroidManifest.xml:26:9-28:38
MERGED from [com.android.support:support-compat:26.1.0] AndroidManifest.xml:26:9-28:38
MERGED from [com.android.support:support-compat:26.1.0] AndroidManifest.xml:26:9-28:38
	android:value
		ADDED from [com.android.support:design:26.1.0] AndroidManifest.xml:28:13-35
	android:name
		ADDED from [com.android.support:design:26.1.0] AndroidManifest.xml:27:13-51
meta-data#android.arch.lifecycle.VERSION
ADDED from [android.arch.lifecycle:runtime:1.0.0] AndroidManifest.xml:25:9-27:47
	android:value
		ADDED from [android.arch.lifecycle:runtime:1.0.0] AndroidManifest.xml:27:13-44
	android:name
		ADDED from [android.arch.lifecycle:runtime:1.0.0] AndroidManifest.xml:26:13-58